Application/build/intermediates/manifest_merge_blame_file/debug/manifest-merger-blame-debug-report.txt
1<?xml version="1.0" encoding="utf-8"?>
2<!--
3 Copyright 2013 The Android Open Source Project
4
5 Licensed under the Apache License, Version 2.0 (the "License");
6 you may not use this file except in compliance with the License.
7 You may obtain a copy of the License at
8
9     http://www.apache.org/licenses/LICENSE-2.0
10
11 Unless required by applicable law or agreed to in writing, software
12 distributed under the License is distributed on an "AS IS" BASIS,
13 WITHOUT WARRANTIES OR CONDITIONS OF ANY KIND, either express or implied.
14 See the License for the specific language governing permissions and
15 limitations under the License.
16-->
17<manifest xmlns:android="http://schemas.android.com/apk/res/android"
18    package="com.example.android.cardemulation"
19    android:versionCode="1"
20    android:versionName="1.0" >
21
22    <uses-sdk
23        android:minSdkVersion="19"
23-->src\main\AndroidManifest.xml
24        android:targetSdkVersion="27" />
24-->src\main\AndroidManifest.xml
25
26    <!-- Card emulation was introduced in API 19. -->
27    <!-- Min/target SDK versions (<uses-sdk>) managed by build.gradle -->
28    <uses-feature
28-->src\main\AndroidManifest.xml:25:5-85
29        android:name="android.hardware.nfc.hce"
29-->src\main\AndroidManifest.xml:25:19-58
30        android:required="true" />
30-->src\main\AndroidManifest.xml:25:59-82
31
32    <uses-permission android:name="android.permission.NFC" />
32-->src\main\AndroidManifest.xml:26:5-62
32-->src\main\AndroidManifest.xml:26:22-59
33
34    <application
34-->src\main\AndroidManifest.xml:28:5-58:19
35        android:allowBackup="true"
35-->src\main\AndroidManifest.xml:28:18-44
36        android:debuggable="true"
37        android:icon="@drawable/ic_launcher"
37-->src\main\AndroidManifest.xml:30:9-45
38        android:label="@string/app_name"
38-->src\main\AndroidManifest.xml:29:9-41
39        android:testOnly="true"
40        android:theme="@style/AppTheme" >
40-->src\main\AndroidManifest.xml:31:9-40
41
42        <!-- Basic UI for sample discoverability. -->
43        <activity
43-->src\main\AndroidManifest.xml:34:9-40:20
44            android:name="com.example.android.cardemulation.MainActivity"
44-->src\main\AndroidManifest.xml:34:19-47
45            android:label="@string/app_name" >
45-->src\main\AndroidManifest.xml:35:19-51
46            <intent-filter>
46-->src\main\AndroidManifest.xml:36:13-39:29
47                <action android:name="android.intent.action.MAIN" />
47-->src\main\AndroidManifest.xml:37:17-69
47-->src\main\AndroidManifest.xml:37:25-66
48
49                <category android:name="android.intent.category.LAUNCHER" />
49-->src\main\AndroidManifest.xml:38:17-77
49-->src\main\AndroidManifest.xml:38:27-74
50            </intent-filter>
51        </activity>
52
53        <!-- BEGIN_INCLUDE(CardEmulationManifest) -->
54        <!-- Service for handling communication with NFC terminal. -->
55        <service
55-->src\main\AndroidManifest.xml:44:9-56:19
56            android:name="com.example.android.cardemulation.CardService"
56-->src\main\AndroidManifest.xml:44:18-45
57            android:exported="true"
57-->src\main\AndroidManifest.xml:45:18-41
58            android:permission="android.permission.BIND_NFC_SERVICE" >
58-->src\main\AndroidManifest.xml:46:18-74
59
60            <!-- Intent filter indicating that we support card emulation. -->
61            <intent-filter>
61-->src\main\AndroidManifest.xml:48:13-51:29
62                <action android:name="android.nfc.cardemulation.action.HOST_APDU_SERVICE" />
62-->src\main\AndroidManifest.xml:49:17-92
62-->src\main\AndroidManifest.xml:49:25-90
63
64                <category android:name="android.intent.category.DEFAULT" />
64-->src\main\AndroidManifest.xml:50:17-75
64-->src\main\AndroidManifest.xml:50:27-73
65            </intent-filter>
66            <!--
67                 Required XML configuration file, listing the AIDs that we are emulating cards
68                 for. This defines what protocols our card emulation service supports.
69            -->
70            <meta-data
70-->src\main\AndroidManifest.xml:54:13-55:58
71                android:name="android.nfc.cardemulation.host_apdu_service"
71-->src\main\AndroidManifest.xml:54:24-82
72                android:resource="@xml/aid_list" />
72-->src\main\AndroidManifest.xml:55:24-56
73        </service>
74        <!-- END_INCLUDE(CardEmulationManifest) -->
75    </application>
76
77</manifest>